This is pdfTeX, Version 3.14159265-2.6-1.40.16 (TeX Live 2015/W32TeX) (preloaded format=pdfcsplain 2015.12.5)  9 DEC 2015 20:48
entering extended mode
 restricted \write18 enabled.
 %&-line parsing enabled.
 encTeX v. Jun. 2004, reencoding enabled
**./ctustyle.tex
(./ctustyle.tex The format: csplain <Aug. 2014>.
The cs-fonts are preloaded and A4 size implicitly defined.
The utf8->iso8859-2 re-encoding of Czech+Slovak alphabet activated by encTeX
CTUstyle: Thesis at Czech Technical University in Prague, <beta(4) Oct.2015>
\testinput=\read0

(c:/texlive/2015/texmf-dist/tex/csplain/opmac/opmac.tex
This is OPmac (Olsak's Plain macros), version <Nov. 2015>
\tmpnum=\count27
\tmpdim=\dimen16
\iindent=\dimen17
\ttindent=\dimen18
\colsep=\dimen19
\mnoteindent=\dimen20
\mnotesize=\dimen21
\ptunit=\dimen22
\fontdim=\dimen23
(c:/texlive/2015/texmf-dist/tex/csplain/fonts/ams-math.tex
FONT: AMS math fonts - \mathchardef's prepared, 12 math families preloaded.
\ptmunit=\dimen24
)
The \^, \`, \', \v, \" and \r expands to characters by ISO-8859-2.
\reffile=\write0
\testin=\read1
\chapnum=\count28
\secnum=\count29
\seccnum=\count30
\nonumnum=\count31
\remskipamount=\skip18
\tnum=\count32
\fnum=\count33
\dnum=\count34
\itemnum=\count35
\mullines=\count36
\oulnum=\count37
\ttline=\count38
\viline=\count39
\vifile=\read2
\tabdata=\toks12
\colnum=\count40
\picwidth=\dimen25
\picheight=\dimen26
\fnotenum=\count41
\fnotenumlocal=\count42
\mnotenum=\count43
\mnoteskip=\dimen27
\auxfile=\write1
\bibnum=\count44
\bibmark=\toks13
\lastcitenum=\count45
\lastpage=\count46
\pgwidth=\dimen28
\pgheight=\dimen29
\shiftoffset=\dimen30
)
\faculty=\toks14
\department=\toks15
\title=\toks16
\subtitle=\toks17
\author=\toks18
\supervisor=\toks19
\date=\toks20
\studyinfo=\toks21
\authorinfo=\toks22
\workinfo=\toks23
\workname=\toks24
\pagetwo=\toks25
\titleEN=\toks26
\titleCZ=\toks27
\titleSK=\toks28
\subtitleEN=\toks29
\subtitleCZ=\toks30
\subtitleSK=\toks31
\abstractEN=\toks32
\abstractCZ=\toks33
\abstractSK=\toks34
\keywordsEN=\toks35
\keywordsCZ=\toks36
\keywordsSK=\toks37
\thanks=\toks38
\declaration=\toks39
\specification=\toks40

(c:/texlive/2015/texmf-dist/tex/csplain/fonts/lmfonts.tex
FONT: Latin Modern fonts - \rm, \it, \bf, \bi, \caps\rm,... + math.
(c:/texlive/2015/texmf-dist/tex/csplain/fonts/chars-8z.tex))
\leftbox=\box16
\rightbox=\box17
\frontht=\dimen31
\tocbox=\box18
\tofbox=\box19
\totbox=\box20
\secccnum=\count47
\appnum=\count48
\numA=\count49
\numB=\count50
\numC=\count51
\numD=\count52
\numE=\count53
\maxglosindent=\dimen32
\rfcnum=\count54
)
*
! Emergency stop.
<*> ./ctustyle.tex
                  
End of file on the terminal!

!  ==> Fatal error occurred, no output PDF file produced!
