This is pdfTeX, Version 3.14159265-2.6-1.40.16 (TeX Live 2015) (preloaded format=pdfcsplain 2015.12.25)  25 DEC 2015 18:29
entering extended mode
 restricted \write18 enabled.
 %&-line parsing enabled.
 encTeX v. Jun. 2004, reencoding enabled
**MP_Blaha_Michael_2016.tex
(./MP_Blaha_Michael_2016.tex The format: csplain <Aug. 2014>.
The cs-fonts are preloaded and A4 size implicitly defined.
The utf8->iso8859-2 re-encoding of Czech+Slovak alphabet activated by encTeX
(./ctustyle.tex
CTUstyle: Thesis at Czech Technical University in Prague, <beta(4) Oct.2015>
\testinput=\read0

(/usr/local/texlive/2015/texmf-dist/tex/csplain/opmac/opmac.tex
This is OPmac (Olsak's Plain macros), version <Nov. 2015>
\tmpnum=\count27
\tmpdim=\dimen16
\iindent=\dimen17
\ttindent=\dimen18
\colsep=\dimen19
\mnoteindent=\dimen20
\mnotesize=\dimen21
\ptunit=\dimen22
\fontdim=\dimen23
(/usr/local/texlive/2015/texmf-dist/tex/csplain/fonts/ams-math.tex
FONT: AMS math fonts - \mathchardef's prepared, 12 math families preloaded.
\ptmunit=\dimen24
)
The \^, \`, \', \v, \" and \r expands to characters by ISO-8859-2.
\reffile=\write0
\testin=\read1
\chapnum=\count28
\secnum=\count29
\seccnum=\count30
\nonumnum=\count31
\remskipamount=\skip18
\tnum=\count32
\fnum=\count33
\dnum=\count34
\itemnum=\count35
\mullines=\count36
\oulnum=\count37
\ttline=\count38
\viline=\count39
\vifile=\read2
\tabdata=\toks12
\colnum=\count40
\picwidth=\dimen25
\picheight=\dimen26
\fnotenum=\count41
\fnotenumlocal=\count42
\mnotenum=\count43
\mnoteskip=\dimen27
\auxfile=\write1
\bibnum=\count44
\bibmark=\toks13
\lastcitenum=\count45
\lastpage=\count46
\pgwidth=\dimen28
\pgheight=\dimen29
\shiftoffset=\dimen30

(./MP_Blaha_Michael_2016.ref)
\openout0 = `MP_Blaha_Michael_2016.ref'.

)
\faculty=\toks14
\department=\toks15
\title=\toks16
\subtitle=\toks17
\author=\toks18
\supervisor=\toks19
\date=\toks20
\studyinfo=\toks21
\authorinfo=\toks22
\workinfo=\toks23
\workname=\toks24
\pagetwo=\toks25
\titleEN=\toks26
\titleCZ=\toks27
\titleSK=\toks28
\subtitleEN=\toks29
\subtitleCZ=\toks30
\subtitleSK=\toks31
\abstractEN=\toks32
\abstractCZ=\toks33
\abstractSK=\toks34
\keywordsEN=\toks35
\keywordsCZ=\toks36
\keywordsSK=\toks37
\thanks=\toks38
\declaration=\toks39
\specification=\toks40

(/usr/local/texlive/2015/texmf-dist/tex/csplain/fonts/lmfonts.tex
FONT: Latin Modern fonts - \rm, \it, \bf, \bi, \caps\rm,... + math.
(/usr/local/texlive/2015/texmf-dist/tex/csplain/fonts/chars-8z.tex))
\leftbox=\box16
\rightbox=\box17
\frontht=\dimen31
\tocbox=\box18
\tofbox=\box19
\totbox=\box20
\secccnum=\count47
\appnum=\count48
\numA=\count49
\numB=\count50
\numC=\count51
\numD=\count52
\numE=\count53
\maxglosindent=\dimen32
\rfcnum=\count54
)
English hyphenation used (\language=0). \nonfrenchspacing is set on. [-1{/usr/l
ocal/texlive/2015/texmf-var/fonts/map/pdftex/updmap/pdftex.map} <./ctulogo.pdf>
] [-2]
Underfull \hbox (badness 10000) in paragraph at lines 41--41
[]\tenrm Prohlašuji, že jsem před-lože-nou

\hbox(7.57762+2.13887)x190.63347, glue set 4.54439
.\hbox(0.0+0.0)x11.66563
.\tenrm P
.\tenrm r
.\tenrm o
.\tenrm h
.\tenrm l
.\tenrm a
.\tenrm š
.\tenrm u
.\tenrm j
.\tenrm i
.\tenrm ,
.\glue 3.66666 plus 2.29166 minus 0.97777
.\tenrm ž
.\tenrm e
.\glue 3.66666 plus 1.83333 minus 1.22221
.\tenrm j
.\tenrm s
.\tenrm e
.\tenrm m
.\glue 3.66666 plus 1.83333 minus 1.22221
.\tenrm p
.\tenrm ř
.\tenrm e
.\tenrm d
.\discretionary
..\tenrm -
.\tenrm l
.\tenrm o
.\tenrm ž
.\tenrm e
.etc.

[-3] [-4]
l.90 OPmac WARNING: duplicated label [introduction], ignored.
l.90 OPmac WARNING: duplicated label [introduction.project], ignored.
l.90 OPmac WARNING: duplicated label [introduction.motivation], ignored.
l.90 OPmac WARNING: duplicated label [introduction.assignment_analysis], ignore
d.
l.130 OPmac WARNING: duplicated label [analysis], ignored.
l.130 OPmac WARNING: duplicated label [analysis-existing_applications], ignored
.
l.130 OPmac WARNING: duplicated label [analysis-existing_applications-applicati
ons], ignored.
l.130 OPmac WARNING: duplicated label [analysis-existing_applications-torque], 
ignored.
l.160 OPmac WARNING: duplicated label [analysis-existing_applications-carhome_u
ltra], ignored.
l.190 OPmac WARNING: duplicated label [analysis-existing_applications-car_dashd
roid], ignored.
l.215 OPmac WARNING: duplicated label [analysis-existing_applications-ultimate_
car_dock], ignored.
! Missing control sequence inserted.
<inserted text> 
                \inaccessible 
<to be read again> 
                   a
<argument> Conclusion \xdef a
                             nalysis-existing_applications-conclusion{analys...

\tocline ... \llap {#2\toclink {#3}\enspace }{#2#4
                                                  \unskip }\nobreak \tocdotf...

\toclist ...ications-conclusion}\ignorespaces }{7}
                                                  \tocline {2}{\rm }{2.1.7}{...

\maketoc ... TeX me again}\openref \else \toclist 
                                                  \fi 
...
l.41 \makefront
               
? 
l.289 OPmac WARNING: duplicated label [analysis-existing_applications-android_a
uto], ignored.
l.313 OPmac WARNING: duplicated label [analysis-use_cases], ignored.
l.344 OPmac WARNING: duplicated label [analysis-platforms], ignored.
l.344 OPmac WARNING: duplicated label [analysis-platforms-android], ignored.
l.344 OPmac WARNING: duplicated label [analysis-platforms-ios], ignored.
l.344 OPmac WARNING: duplicated label [analysis-platforms-windows], ignored.
l.344 OPmac WARNING: duplicated label [analysis-platforms-conclusion], ignored.

l.344 OPmac WARNING: duplicated label [analysis-android_platform], ignored.
l.375 OPmac WARNING: duplicated label [analysis-android_platform-performance], 
ignored.
l.375 OPmac WARNING: duplicated label [analysis-android_platform-architecture],
 ignored.
l.375 OPmac WARNING: duplicated label [analysis-android_platform-material_desig
n], ignored.
l.375 OPmac WARNING: duplicated label [analysis-gui], ignored.
! Missing control sequence inserted.
<inserted text> 
                \inaccessible 
<to be read again> 
                   a
<argument> Basic principles\xdef a
                                  nalysis-gui-basic_principles{analysis-gui-...

\tocline ... \llap {#2\toclink {#3}\enspace }{#2#4
                                                  \unskip }\nobreak \tocdotf...

\toclist ...i-basic_principles}\ignorespaces }{11}
                                                  \tocline {2}{\rm }{2.5.2}{...

\maketoc ... TeX me again}\openref \else \toclist 
                                                  \fi 
...
l.41 \makefront
               
? 
! Missing control sequence inserted.
<inserted text> 
                \inaccessible 
<to be read again> 
                   a
<argument> UI in a car environment\xdef a
                                         nalysis-gui-ui_in_a_car_environment...

\tocline ... \llap {#2\toclink {#3}\enspace }{#2#4
                                                  \unskip }\nobreak \tocdotf...

\toclist ..._a_car_environment}\ignorespaces }{12}
                                                  \tocline {1}{\rm }{2.6}{De...

\maketoc ... TeX me again}\openref \else \toclist 
                                                  \fi 
...
l.41 \makefront
               
? 
l.464 OPmac WARNING: duplicated label [analysis-development_and_support_tools],
 ignored.
l.464 OPmac WARNING: duplicated label [analysis-development_and_support_tools-i
de], ignored.
l.464 OPmac WARNING: duplicated label [analysis-development_and_support_tools-v
cs], ignored.
l.491 OPmac WARNING: duplicated label [analysis-development_and_support_tools-t
dd], ignored.
l.491 OPmac WARNING: duplicated label [analysis-development_and_support_tools-c
i], ignored.
l.491 OPmac WARNING: duplicated label [analysis-obd], ignored.
l.491 OPmac WARNING: duplicated label [analysis-obd-api], ignored.
! Missing control sequence inserted.
<inserted text> 
                \inaccessible 
<to be read again> 
                   a
<argument> Data TODO\xdef a
                           nalysis-obd-data{analysis-obd-data}\ignorespaces 
\tocline ... \llap {#2\toclink {#3}\enspace }{#2#4
                                                  \unskip }\nobreak \tocdotf...

\toclist ...{analysis-obd-data}\ignorespaces }{14}
                                                  \tocline {0}{\bfshape }{3}...

\maketoc ... TeX me again}\openref \else \toclist 
                                                  \fi 
...
l.41 \makefront
               
? 
l.514 OPmac WARNING: duplicated label [design], ignored.
l.514 OPmac WARNING: duplicated label [design-application_architecture], ignore
d.
l.514 OPmac WARNING: duplicated label [design-application_architecture-platform
_limitations], ignored.
l.514 OPmac WARNING: duplicated label [design-application_architecture-extensib
ility], ignored.
! Missing control sequence inserted.
<inserted text> 
                \inaccessible 
<to be read again> 
                   d
<argument> Modularity TODO\xdef d
                                 esign-application_architecture-modularity{d...

\tocline ... \llap {#2\toclink {#3}\enspace }{#2#4
                                                  \unskip }\nobreak \tocdotf...

\toclist ...tecture-modularity}\ignorespaces }{15}
                                                  \tocline {2}{\rm }{3.1.4}{...

\maketoc ... TeX me again}\openref \else \toclist 
                                                  \fi 
...
l.41 \makefront
               
? 
l.550 OPmac WARNING: duplicated label [design-application_architecture-adaptabi
lity], ignored.
l.550 OPmac WARNING: duplicated label [design-application_architecture-android_
auto_preparation], ignored.
l.550 OPmac WARNING: duplicated label [design-gui], ignored.
l.550 OPmac WARNING: duplicated label [design-gui.basic_elements], ignored.
l.550 OPmac WARNING: duplicated label [design-gui-drafts], ignored.
! Missing control sequence inserted.
<inserted text> 
                \inaccessible 
<to be read again> 
                   d
<argument> The early phase TODO\xdef d
                                      esign-gui-the_early_phase{design-gui-t...

\tocline ... \llap {#2\toclink {#3}\enspace }{#2#4
                                                  \unskip }\nobreak \tocdotf...

\toclist ...ui-the_early_phase}\ignorespaces }{16}
                                                  \tocline {2}{\rm }{3.2.4}{...

\maketoc ... TeX me again}\openref \else \toclist 
                                                  \fi 
...
l.41 \makefront
               
? 
l.587 OPmac WARNING: duplicated label [design-gui-the_second_phase], ignored.
l.630 OPmac WARNING: duplicated label [design-gui-the_grid], ignored.
! Missing control sequence inserted.
<inserted text> 
                \inaccessible 
<to be read again> 
                   d
<argument> The final design\xdef d
                                  esign-gui-the_final_design{design-gui-the_...

\tocline ... \llap {#2\toclink {#3}\enspace }{#2#4
                                                  \unskip }\nobreak \tocdotf...

\toclist ...i-the_final_design}\ignorespaces }{18}
                                                  \tocline {0}{\bfshape }{4}...

\maketoc ... TeX me again}\openref \else \toclist 
                                                  \fi 
...
l.41 \makefront
               
? 
l.689 OPmac WARNING: duplicated label [realization], ignored.
l.689 OPmac WARNING: duplicated label [realization-preparation], ignored.
l.689 OPmac WARNING: duplicated label [realization-preparation-environment], ig
nored.
l.689 OPmac WARNING: duplicated label [realization-preparation-versioning], ign
ored.
l.689 OPmac WARNING: duplicated label [realization-preparation-testing], ignore
d.
l.689 OPmac WARNING: duplicated label [realization-preparation-scripting], igno
red.
l.689 OPmac WARNING: duplicated label [realization-core], ignored.
l.689 OPmac WARNING: duplicated label [realization-core-core], ignored.
l.689 OPmac WARNING: duplicated label [realization-core-data_storage], ignored.

l.689 OPmac WARNING: duplicated label [realization-core-communication], ignored
.
l.689 OPmac WARNING: duplicated label [realization-core-optimization], ignored.

l.689 OPmac WARNING: duplicated label [realization-modularity], ignored.
l.689 OPmac WARNING: duplicated label [realization-modularity-requirements], ig
nored.
l.689 OPmac WARNING: duplicated label [realization-modularity-integration], ign
ored.
l.689 OPmac WARNING: duplicated label [realization-gui], ignored.
l.689 OPmac WARNING: duplicated label [realization-gui-common_elements], ignore
d.
! Missing control sequence inserted.
<inserted text> 
                \inaccessible 
<to be read again> 
                   r
<argument> Multiple designs TODO\xdef r
                                       ealization-gui-multiple_designs{reali...

\tocline ... \llap {#2\toclink {#3}\enspace }{#2#4
                                                  \unskip }\nobreak \tocdotf...

\toclist ...i-multiple_designs}\ignorespaces }{20}
                                                  \tocline {0}{\bfshape }{5}...

\maketoc ... TeX me again}\openref \else \toclist 
                                                  \fi 
...
l.41 \makefront
               
? 
l.751 OPmac WARNING: duplicated label [testing], ignored.
l.751 OPmac WARNING: duplicated label [testing-code], ignored.
l.751 OPmac WARNING: duplicated label [testing-code-unit_testing], ignored.
l.751 OPmac WARNING: duplicated label [testing-code-integration_testing], ignor
ed.
l.751 OPmac WARNING: duplicated label [testing-code-system_testing], ignored.
l.751 OPmac WARNING: duplicated label [testing-code-qualification_testing], ign
ored.
l.751 OPmac WARNING: duplicated label [testing-gui], ignored.
l.751 OPmac WARNING: duplicated label [testing-gui-heuristic_testing], ignored.

l.764 OPmac WARNING: duplicated label [testing-gui-testing_with_users], ignored
.
! Missing control sequence inserted.
<inserted text> 
                \inaccessible 
<to be read again> 
                   t
<argument> Summary TODO\xdef t
                              esting-summary{testing-summary}\ignorespaces 
\tocline ... \llap {#2\toclink {#3}\enspace }{#2#4
                                                  \unskip }\nobreak \tocdotf...

\toclist ...ry{testing-summary}\ignorespaces }{22}
                                                  \tocline {0}{\bfshape }{6}...

\maketoc ... TeX me again}\openref \else \toclist 
                                                  \fi 
...
l.41 \makefront
               
? 
l.785 OPmac WARNING: duplicated label [conclusion], ignored.
l.785 OPmac WARNING: duplicated label [conclusion-assignment_completion], ignor
ed.
l.785 OPmac WARNING: duplicated label [conclusion-project_life_cycle], ignored.

l.785 OPmac WARNING: duplicated label [conclusion-project_life_cycle-present], 
ignored.
l.785 OPmac WARNING: duplicated label [conclusion-project_life_cycle-future], i
gnored.
! Missing control sequence inserted.
<inserted text> 
                \inaccessible 
<to be read again> 
                   c
<argument> Summary TODO\xdef c
                              onclusion-summary{conclusion-summary}\ignoresp...

\tocline ... \llap {#2\toclink {#3}\enspace }{#2#4
                                                  \unskip }\nobreak \tocdotf...

\maketoc ... TeX me again}\openref \else \toclist 
                                                  \fi 
\tocpages ...arskip =0pt \iindent =4.7mm \maketoc 
                                                  \vfil } \prepbox \tocbox \...
...
l.41 \makefront
               
? 
[-5] [-6]
! Undefined control sequence.
\label ...el [#1], ignored}\else \xdef \lastlabel 
                                                  {#1}\fi \ignorespaces 
<argument> Introduction TODO\label [introduction]
                                                  \unskip 
\printchap ...\ifnonum \else \thechapnum .\ \fi #1
                                                  }\mark {}\nobreak \begitem...

\chap ...oc 0\bfshape {#1}}\printchap {#1\unskip }
                                                  \resetnonumnotoc 
l.47 
     
? 

Overfull \hbox (58.2549pt too wide) in paragraph at lines 50--51
 [][][][][]\tentt https:[] /[] / docs[] . google[] . com[] / document[] / d[] /
 1pGtlS5uY4PdKfHjf83dFGrajyVcea0tvzAnwXf61Cs8[] /|

\hbox(7.63895+2.44446)x415.41025
.\glue(\leftskip) 11.66563
.\hbox(4.56946+0.0)x0.0, glue set - 12.19423fil
..\glue 0.0 plus 1.0fil minus 1.0fil
..\pdfcolorstack 1 push {1 .43 0 0 k 1 .43 0 0 K}
..\thefont .
..\kern -4.0
..\pdfcolorstack 1 push {0 0 0 1 k 0 0 0 1 K}
..\kern 5.5
.\pdfcolorstack 1 pop
.\pdfcolorstack 1 pop
.\pdfstartlink(9.89993+3.30003)x* attr{/C[1 .8 0] /Border[0 0 .6]} action user{
/Subtype/Link/A <</Type/Action/S/URI/URI(https://docs.google.com/docu\ETC.}
.\pdfcolorstack 1 push {0 0 0 1 k 0 0 0 1 K}
.\tentt h
.\tentt t
.\tentt t
.\tentt p
.\tentt s
.\tentt :
.\hbox(0.0+0.0)x0.0
.\penalty 10000
.\glue 0.0 plus 0.57753
.\tentt /
.\hbox(0.0+0.0)x0.0
.\penalty 10000
.\glue 0.0 plus 0.57753
.\tentt /
.\penalty 100
.\glue 0.0 plus 0.57753
.\tentt d
.\tentt o
.\tentt c
.\tentt s
.\hbox(0.0+0.0)x0.0
.\penalty 10000
.\glue 0.0 plus 0.57753
.\tentt .
.etc.


Overfull \hbox (150.44128pt too wide) in paragraph at lines 51--52
 [][][]\tenrm generally progress: [][]\tentt https:[] /[] / docs[] . google[] .
 com[] / document[] / d[] / 1CEWym7MphsCO0v3CXe_bTHOgFBgquBbPVbhk_pHZ5t8[] /|

\hbox(7.63895+2.44446)x415.41025, glue set - 1.0
.\glue(\leftskip) 11.66563
.\hbox(4.56946+0.0)x0.0, glue set - 12.19423fil
..\glue 0.0 plus 1.0fil minus 1.0fil
..\pdfcolorstack 1 push {1 .43 0 0 k 1 .43 0 0 K}
..\thefont .
..\kern -4.0
..\pdfcolorstack 1 push {0 0 0 1 k 0 0 0 1 K}
..\kern 5.5
.\pdfcolorstack 1 pop
.\pdfcolorstack 1 pop
.\tenrm g
.\tenrm e
.\tenrm n
.\tenrm e
.\tenrm r
.\tenrm a
.\tenrm l
.\tenrm l
.\tenrm y
.\glue 3.66666 plus 1.83333 minus 1.22221
.\tenrm p
.\tenrm r
.\tenrm o
.\tenrm g
.\tenrm r
.\tenrm e
.\tenrm s
.\tenrm s
.\tenrm :
.\glue 4.88887 plus 3.66666 minus 0.6111
.\pdfstartlink(9.89993+3.30003)x* attr{/C[1 .8 0] /Border[0 0 .6]} action user{
/Subtype/Link/A <</Type/Action/S/URI/URI(https://docs.google.com/docu\ETC.}
.\pdfcolorstack 1 push {0 0 0 1 k 0 0 0 1 K}
.\tentt h
.\tentt t
.\tentt t
.\tentt p
.etc.

[1]
! Missing control sequence inserted.
<inserted text> 
                \inaccessible 
<to be read again> 
                   {
\headchap ->1.\ Introduction TODO\xdef {
                                        introduction}\ignorespaces  \unskip 
\printheadline ...lse \locpgcolor \Grey \headchap 
                                                  \ \tecky \hskip -3.7cm\fi 
\makeheadline ...ne {\vbox to10pt{}\the \headline 
                                                  }\vss }\nointerlineskip 
\ensureblacko ...\colorstackpush \pdfblackcolor #1
                                                  \colorstackpop 
...
l.99 
     
? 
[2]
! Undefined control sequence.
\label ...el [#1], ignored}\else \xdef \lastlabel 
                                                  {#1}\fi \ignorespaces 
<argument> Analysis TODO\label [analysis]
                                          \unskip 
\printchap ...\ifnonum \else \thechapnum .\ \fi #1
                                                  }\mark {}\nobreak \begitem...

\chap ...oc 0\bfshape {#1}}\printchap {#1\unskip }
                                                  \resetnonumnotoc 
l.99 
     
? 

Overfull \hbox (130.91612pt too wide) in paragraph at lines 102--103
 [][][]\tenrm application anal-y-sis [][]\tentt https:[] /[] / docs[] . google[
] . com[] / document[] / d[] / 1QyOiMzV0ikcDhPY3P5MsRL_80cCGzjoGfCACGvc-|

\hbox(7.63895+2.44446)x415.41025, glue set - 1.0
.\glue(\leftskip) 11.66563
.\hbox(4.56946+0.0)x0.0, glue set - 12.19423fil
..\glue 0.0 plus 1.0fil minus 1.0fil
..\pdfcolorstack 1 push {1 .43 0 0 k 1 .43 0 0 K}
..\thefont .
..\kern -4.0
..\pdfcolorstack 1 push {0 0 0 1 k 0 0 0 1 K}
..\kern 5.5
.\pdfcolorstack 1 pop
.\pdfcolorstack 1 pop
.\tenrm a
.\tenrm p
.\tenrm p
.\tenrm l
.\tenrm i
.\tenrm c
.\tenrm a
.\tenrm t
.\tenrm i
.\tenrm o
.\tenrm n
.\glue 3.66666 plus 1.83333 minus 1.22221
.\tenrm a
.\tenrm n
.\tenrm a
.\tenrm l
.\discretionary
..\tenrm -
.\tenrm y
.\discretionary
..\tenrm -
.\tenrm s
.\tenrm i
.\tenrm s
.\glue 3.66666 plus 1.83333 minus 1.22221
.\pdfstartlink(9.89993+3.30003)x* attr{/C[1 .8 0] /Border[0 0 .6]} action user{
/Subtype/Link/A <</Type/Action/S/URI/URI(https://docs.google.com/docu\ETC.}
.\pdfcolorstack 1 push {0 0 0 1 k 0 0 0 1 K}
.\tentt h
.etc.


Overfull \hbox (113.98857pt too wide) in paragraph at lines 103--104
 [][][]\tenrm priority list [][]\tentt https:[] /[] / docs[] . google[] . com[]
 / document[] / d[] / 1juKYgUUDSI5CmfzjR4BsYSPHVYCGqrWuejgbhqzw7kI[] /|

\hbox(7.63895+2.44446)x415.41025, glue set - 1.0
.\glue(\leftskip) 11.66563
.\hbox(4.56946+0.0)x0.0, glue set - 12.19423fil
..\glue 0.0 plus 1.0fil minus 1.0fil
..\pdfcolorstack 1 push {1 .43 0 0 k 1 .43 0 0 K}
..\thefont .
..\kern -4.0
..\pdfcolorstack 1 push {0 0 0 1 k 0 0 0 1 K}
..\kern 5.5
.\pdfcolorstack 1 pop
.\pdfcolorstack 1 pop
.\tenrm p
.\tenrm r
.\tenrm i
.\tenrm o
.\tenrm r
.\tenrm i
.\tenrm t
.\kern-0.30557
.\tenrm y
.\glue 3.66666 plus 1.83333 minus 1.22221
.\tenrm l
.\tenrm i
.\tenrm s
.\tenrm t
.\glue 3.66666 plus 1.83333 minus 1.22221
.\pdfstartlink(9.89993+3.30003)x* attr{/C[1 .8 0] /Border[0 0 .6]} action user{
/Subtype/Link/A <</Type/Action/S/URI/URI(https://docs.google.com/docu\ETC.}
.\pdfcolorstack 1 push {0 0 0 1 k 0 0 0 1 K}
.\tentt h
.\tentt t
.\tentt t
.\tentt p
.\tentt s
.\tentt :
.\hbox(0.0+0.0)x0.0
.\penalty 10000
.\glue 0.0 plus 0.57753
.etc.


Overfull \hbox (58.2549pt too wide) in paragraph at lines 114--115
 [][][][][]\tentt https:[] /[] / docs[] . google[] . com[] / document[] / d[] /
 1p_pSGTUHEojOyP7ICCDNVV7RW1vn8iN_KECipC4Y9tY[] /|

\hbox(7.63895+2.44446)x415.41025
.\glue(\leftskip) 11.66563
.\hbox(4.56946+0.0)x0.0, glue set - 12.19423fil
..\glue 0.0 plus 1.0fil minus 1.0fil
..\pdfcolorstack 1 push {1 .43 0 0 k 1 .43 0 0 K}
..\thefont .
..\kern -4.0
..\pdfcolorstack 1 push {0 0 0 1 k 0 0 0 1 K}
..\kern 5.5
.\pdfcolorstack 1 pop
.\pdfcolorstack 1 pop
.\pdfstartlink(9.89993+3.30003)x* attr{/C[1 .8 0] /Border[0 0 .6]} action user{
/Subtype/Link/A <</Type/Action/S/URI/URI(https://docs.google.com/docu\ETC.}
.\pdfcolorstack 1 push {0 0 0 1 k 0 0 0 1 K}
.\tentt h
.\tentt t
.\tentt t
.\tentt p
.\tentt s
.\tentt :
.\hbox(0.0+0.0)x0.0
.\penalty 10000
.\glue 0.0 plus 0.57753
.\tentt /
.\hbox(0.0+0.0)x0.0
.\penalty 10000
.\glue 0.0 plus 0.57753
.\tentt /
.\penalty 100
.\glue 0.0 plus 0.57753
.\tentt d
.\tentt o
.\tentt c
.\tentt s
.\hbox(0.0+0.0)x0.0
.\penalty 10000
.\glue 0.0 plus 0.57753
.\tentt .
.etc.


Underfull \vbox (badness 10000) has occurred while \output is active
\vbox(674.33032+0.0)x415.41025, glue set 5.7487
.\vbox(0.0+0.0)x0.0, glue set 25.0fil
..\kern -25.0
..\pdfdest name{pg:.3} xyz
..\glue 0.0 plus 1.0fil minus 1.0fil
.\glue(\topskip) 10.0
.\rule(0.0+0.0)x*
.\penalty 10000
.\glue 28.45274
.\mark{}
.\penalty 10000
.\glue(\lineskip) 1.0
.\hbox(31.29802+30.34135)x415.41025, glue set 11.3811fil
..\pdfcolorstack 1 push {1 .43 0 0 k 1 .43 0 0 K}
..\rule(31.29802+28.45274)x11.38109
..\glue 0.0 plus 1.0fil minus 1.0fil
..\vbox(20.83351+30.34135)x392.64806
...\hbox(20.83351+3.69618)x392.64806, glue set 300.03256fil
....\pdfcolorstack 1 push {0 0 0 1 k 0 0 0 1 K}
....\mF C
....\mF h
....\mF a
....\mF p
....\mF t
....\mF e
....\mF r
....\glue 6.97002 plus 3.48499 minus 2.32335
....\vbox(0.0+0.0)x0.0, glue set 46.1998fil
.....\kern -46.1998
.....\pdfdest name{toc:.2} xyz
.....\glue 0.0 plus 1.0fil minus 1.0fil
....\write0<3>{\string \Xtoc {0}{\noexpand \bfshape }{2}{Analysis TODO\label [a
nalys\ETC.}
....\thefont 2
....\penalty 10000
....\glue(\parfillskip) 0.0 plus 1.0fil
....\glue(\rightskip) 0.0
...\penalty 10000
...\glue(\parskip) 0.0
...\glue(\baselineskip) 3.14297
...\hbox(16.66306+6.83914)x392.64806, glue set 128.29846fil
....\pdfcolorstack 1 push {1 .43 0 0 k 1 .43 0 0 K}
....\mF A
....\mF n
....\mF a
....\mF l
....\mF y
....\mF s
....\mF i
....\mF s
....\glue 6.97002 plus 3.48499 minus 2.32335
....\mF T
....\mF O
....\mF D
....\mF O
....\rule(16.66306+6.83914)x0.0
....\penalty 10000
....\glue(\parfillskip) 0.0 plus 1.0fil
....\glue(\rightskip) 0.0 plus 1.0fil
..\pdfcolorstack 1 pop
..\pdfcolorstack 1 pop
.\pdfcolorstack 1 pop
.\penalty 10000
.\glue 0.0
.\glue 13.6 plus 4.53326 minus 4.53326
.\glue(\parskip) 0.0 plus 1.0
.\glue(\lineskip) 1.0
.\hbox(4.89801+0.0)x415.41025, glue set 377.97957fil
..\tenrm s
..\tenrm o
..\tenrm u
..\tenrm r
..\tenrm c
..\tenrm e
..\tenrm s
..\tenrm :
..\penalty 10000
..\glue(\parfillskip) 0.0 plus 1.0fil
..\glue(\rightskip) 0.0
.\glue 6.8 plus 2.26653 minus 2.26653
.\glue 0.0
.\glue(\parskip) 0.0
.\glue(\baselineskip) 5.96106
.\hbox(7.63895+2.44446)x415.41025, glue set - 1.0
..\glue(\leftskip) 11.66563
..\hbox(4.56946+0.0)x0.0, glue set - 12.19423fil
...\glue 0.0 plus 1.0fil minus 1.0fil
...\pdfcolorstack 1 push {1 .43 0 0 k 1 .43 0 0 K}
...\thefont .
...\kern -4.0
...\pdfcolorstack 1 push {0 0 0 1 k 0 0 0 1 K}
...\kern 5.5
..\pdfcolorstack 1 pop
..\pdfcolorstack 1 pop
..\tenrm a
..\tenrm p
..\tenrm p
..\tenrm l
..\tenrm i
..\tenrm c
..\tenrm a
..\tenrm t
..\tenrm i
..\tenrm o
..\tenrm n
..\glue 3.66666 plus 1.83333 minus 1.22221
..\tenrm a
..\tenrm n
..\tenrm a
..\tenrm l
..\discretionary
...\tenrm -
..\tenrm y
..\discretionary
...\tenrm -
..\tenrm s
..\tenrm i
..\tenrm s
..\glue 3.66666 plus 1.83333 minus 1.22221
..\pdfstartlink(9.89993+3.30003)x* attr{/C[1 .8 0] /Border[0 0 .6]} action user
{/Subtype/Link/A <</Type/Action/S/URI/URI(https://docs.google.com/docu\ETC.}
..\pdfcolorstack 1 push {0 0 0 1 k 0 0 0 1 K}
..\tentt h
..etc.
.\penalty 20100
.\glue(\baselineskip) 3.5166
.\hbox(7.63895+0.913)x415.41025, glue set 357.54466fil
..\glue(\leftskip) 11.66563
..\tentt U
..\tentt L
..\tentt 0
..\hbox(0.0+0.0)x0.0
..\penalty 10000
..\glue 0.0 plus 0.57753
..\tentt /
..\penalty 100
..\glue 0.0 plus 0.57753
..\tentt e
..\tentt d
..\tentt i
..\tentt t
..\hbox(0.0+0.0)x0.0
..\pdfcolorstack 1 pop
..\pdfendlink
..\penalty 10000
..\glue(\parfillskip) 0.0 plus 1.0fil
..\glue(\rightskip) 0.0
.\glue(\parskip) 0.0
.\glue(\baselineskip) 5.04807
.\hbox(7.63895+2.44446)x415.41025, glue set - 1.0
..\glue(\leftskip) 11.66563
..\hbox(4.56946+0.0)x0.0, glue set - 12.19423fil
...\glue 0.0 plus 1.0fil minus 1.0fil
...\pdfcolorstack 1 push {1 .43 0 0 k 1 .43 0 0 K}
...\thefont .
...\kern -4.0
...\pdfcolorstack 1 push {0 0 0 1 k 0 0 0 1 K}
...\kern 5.5
..\pdfcolorstack 1 pop
..\pdfcolorstack 1 pop
..\tenrm p
..\tenrm r
..\tenrm i
..\tenrm o
..\tenrm r
..\tenrm i
..\tenrm t
..\kern-0.30557
..\tenrm y
..\glue 3.66666 plus 1.83333 minus 1.22221
..\tenrm l
..\tenrm i
..\tenrm s
..\tenrm t
..\glue 3.66666 plus 1.83333 minus 1.22221
..\pdfstartlink(9.89993+3.30003)x* attr{/C[1 .8 0] /Border[0 0 .6]} action user
{/Subtype/Link/A <</Type/Action/S/URI/URI(https://docs.google.com/docu\ETC.}
..\pdfcolorstack 1 push {0 0 0 1 k 0 0 0 1 K}
..\tentt h
..\tentt t
..\tentt t
..\tentt p
..\tentt s
..\tentt :
..\hbox(0.0+0.0)x0.0
..\penalty 10000
..\glue 0.0 plus 0.57753
..etc.
.\penalty 20000
.\glue(\baselineskip) 4.29652
.\hbox(6.85902+0.0)x415.41025, glue set 380.64464fil
..\glue(\leftskip) 11.66563
..\tentt e
..\tentt d
..\tentt i
..\tentt t
..\hbox(0.0+0.0)x0.0
..\pdfcolorstack 1 pop
..\pdfendlink
..\penalty 10000
..\glue(\parfillskip) 0.0 plus 1.0fil
..\glue(\rightskip) 0.0
.etc.

 [3]
! Missing control sequence inserted.
<inserted text> 
                \inaccessible 
<to be read again> 
                   {
\headchap ->2.\ Analysis TODO\xdef {
                                    analysis}\ignorespaces  \unskip 
\printheadline ...lse \locpgcolor \Grey \headchap 
                                                  \ \tecky \hskip -3.7cm\fi 
\makeheadline ...ne {\vbox to10pt{}\the \headline 
                                                  }\vss }\nointerlineskip 
\ensureblacko ...\colorstackpush \pdfblackcolor #1
                                                  \colorstackpop 
...
l.160 
      
? 

Underfull \vbox (badness 5504) has occurred while \output is active
\vbox(674.33032+2.75)x415.41025, glue set 3.80754
.\vbox(0.0+0.0)x0.0, glue set 25.0fil
..\kern -25.0
..\pdfdest name{pg:.4} xyz
..\glue 0.0 plus 1.0fil minus 1.0fil
.\glue(\topskip) 0.0
.\hbox(207.7059+0.0)x415.41025, glue set 41.5404fil
..\glue 0.0 plus 1.0fil minus 1.0fil
..\hbox(207.7059+0.0)x332.32945
...\pdfrefximage(207.7059+0.0)x332.32945
..\glue 0.0 plus 1.0fil minus 1.0fil
.\penalty 10000
.\glue 6.8 plus 2.26653 minus 2.26653
.\glue 0.0 plus -1.0
.\glue(\parskip) 0.0 plus 1.0
.\glue(\baselineskip) 5.0555
.\hbox(6.9445+1.94443)x415.41025, glue set 116.69269fil
..\glue(\leftskip) 11.66563 plus 1.0fil
..\vbox(0.0+0.0)x0.0, glue set 13.99994fil
...\kern -13.99994
...\pdfdest name{ref:analysis-existing_applications-torque} xyz
...\glue 0.0 plus 1.0fil minus 1.0fil
..\write0<3>{\Xlabel{analysis-existing_applications-torque}{2.1}}
..\mF F
..\mF i
..\mF g
..\mF u
..\mF r
..\mF e
..\glue 3.66666 plus 1.83331 minus 1.22223
..\mF 2
..\mF .
..\mF 1
..\mF .
..\kern 5.0
..\tenrm S
..\tenrm c
..\tenrm r
..\tenrm e
..\tenrm e
..\tenrm n
..\tenrm s
..\tenrm h
..\tenrm o
..\tenrm t
..\glue 3.33333 plus 1.66666 minus 1.11111
..\tenrm f
..\tenrm r
..\tenrm o
..\tenrm m
..etc.
.\penalty -100
.\glue 6.8 plus 2.26653 minus 2.26653
.\glue(\baselineskip) 2.01318
.\hbox(9.6424+0.28453)x415.41025, glue set 11.3811fil
..\pdfcolorstack 1 push {1 .43 0 0 k 1 .43 0 0 K}
..\rule(8.53581+0.28453)x11.38109
..\pdfcolorstack 1 push {0 0 0 1 k 0 0 0 1 K}
..\glue 0.0 plus 1.0fil minus 1.0fil
..\vbox(9.6424+-0.5424)x392.64806
...\hbox(9.6424+3.9576)x392.64806, glue set 288.38445fil
....\mF 2
....\mF .
....\mF 1
....\mF .
....\mF 2
....\mF .
....\mF 1
....\glue 12.09999
....\pdfcolorstack 1 push {1 .43 0 0 k 1 .43 0 0 K}
....\mF A
....\kern-0.33612
....\mF d
....\mF v
....\mF a
....\mF n
....\mF t
....\mF a
....\mF g
....\mF e
....\mF s
....\rule(9.6424+3.9576)x0.0
....\penalty 10000
....\glue(\parfillskip) 0.0 plus 1.0fil
....\glue(\rightskip) 0.0
...\kern -4.5
..\pdfcolorstack 1 pop
.\pdfcolorstack 1 pop
.\pdfcolorstack 1 pop
.\penalty 10000
.\glue 0.0
.\glue 3.4 plus 1.13326 minus 1.13326
.\kern 2.0
.\glue 6.8 plus 2.26653 minus 2.26653
.\glue 0.0
.\glue(\parskip) 0.0
.\glue(\baselineskip) 5.73785
.\hbox(7.57762+2.13887)x415.41025, glue set 246.8116fil
..\glue(\leftskip) 11.66563
..\hbox(4.56946+0.0)x0.0, glue set - 12.19423fil
...\glue 0.0 plus 1.0fil minus 1.0fil
...\pdfcolorstack 1 push {1 .43 0 0 k 1 .43 0 0 K}
...\thefont .
...\kern -4.0
...\pdfcolorstack 1 push {0 0 0 1 k 0 0 0 1 K}
...\kern 5.5
..\pdfcolorstack 1 pop
..\pdfcolorstack 1 pop
..\tenrm L
..\tenrm o
..\tenrm t
..\glue 3.66666 plus 1.83333 minus 1.22221
..\tenrm o
..\tenrm f
..\glue 3.66666 plus 1.83333 minus 1.22221
..\tenrm d
..\tenrm a
..\tenrm t
..\tenrm a
..\glue 3.66666 plus 1.83333 minus 1.22221
..\tenrm f
..\tenrm r
..\tenrm o
..\tenrm m
..\glue 3.66666 plus 1.83333 minus 1.22221
..\tenrm O
..\tenrm B
..\tenrm D
..\glue 3.66666 plus 1.83148 minus 1.22343
..\tenrm a
..\kern-0.30557
..\tenrm v
..\kern-0.61111
..\tenrm a
..etc.
.\glue(\parskip) 0.0
.\glue(\baselineskip) 3.88351
.\hbox(7.57762+2.13887)x415.41025, glue set 234.19147fil
..\glue(\leftskip) 11.66563
..\hbox(4.56946+0.0)x0.0, glue set - 12.19423fil
...\glue 0.0 plus 1.0fil minus 1.0fil
...\pdfcolorstack 1 push {1 .43 0 0 k 1 .43 0 0 K}
...\thefont .
...\kern -4.0
...\pdfcolorstack 1 push {0 0 0 1 k 0 0 0 1 K}
...\kern 5.5
..\pdfcolorstack 1 pop
..\pdfcolorstack 1 pop
..\tenrm v
..\kern-0.61111
..\tenrm a
..\tenrm r
..\tenrm i
..\tenrm o
..\tenrm u
..\tenrm s
..\glue 3.66666 plus 1.83333 minus 1.22221
..\tenrm l
..\tenrm a
..\kern-0.30557
..\tenrm y
..\kern-0.30557
..\tenrm o
..\tenrm u
..\tenrm t
..\glue 3.66666 plus 1.83333 minus 1.22221
..\tenrm s
..\tenrm e
..\tenrm t
..\tenrm t
..\tenrm i
..\tenrm n
..\tenrm g
..\tenrm s
..etc.
.\glue(\parskip) 0.0
.\glue(\baselineskip) 3.88351
.\hbox(7.57762+0.0)x415.41025, glue set 346.14769fil
..\glue(\leftskip) 11.66563
..\hbox(4.56946+0.0)x0.0, glue set - 12.19423fil
...\glue 0.0 plus 1.0fil minus 1.0fil
...\pdfcolorstack 1 push {1 .43 0 0 k 1 .43 0 0 K}
...\thefont .
...\kern -4.0
...\pdfcolorstack 1 push {0 0 0 1 k 0 0 0 1 K}
...\kern 5.5
..\pdfcolorstack 1 pop
..\pdfcolorstack 1 pop
..\tenrm H
..\tenrm U
..\tenrm D
..\glue 3.66666 plus 1.83148 minus 1.22343
..\tenrm m
..\tenrm o
..\kern0.30556
..\tenrm d
..\tenrm e
..\tenrm .
..\penalty 10000
..\glue(\parfillskip) 0.0 plus 1.0fil
..\glue(\rightskip) 0.0
.etc.

 [4 <./images/analysis_app_torque.png (PNG copy)>]
l.190 OPmac WARNING: duplicated label [analysis-existing_applications], ignored
.

Underfull \vbox (badness 3364) has occurred while \output is active
\vbox(674.33032+2.13887)x415.41025, glue set 3.23138
.\vbox(0.0+0.0)x0.0, glue set 25.0fil
..\kern -25.0
..\pdfdest name{pg:.5} xyz
..\glue 0.0 plus 1.0fil minus 1.0fil
.\glue(\topskip) 0.0
.\hbox(207.7059+0.0)x415.41025, glue set 41.5404fil
..\glue 0.0 plus 1.0fil minus 1.0fil
..\hbox(207.7059+0.0)x332.32945
...\pdfrefximage(207.7059+0.0)x332.32945
..\glue 0.0 plus 1.0fil minus 1.0fil
.\penalty 10000
.\glue 6.8 plus 2.26653 minus 2.26653
.\glue 0.0 plus -1.0
.\glue(\parskip) 0.0 plus 1.0
.\glue(\baselineskip) 5.0555
.\hbox(6.9445+1.94443)x415.41025, glue set 98.06787fil
..\glue(\leftskip) 11.66563 plus 1.0fil
..\vbox(0.0+0.0)x0.0, glue set 13.99994fil
...\kern -13.99994
...\pdfdest name{ref:analysis-existing_applications-carhome_ultra} xyz
...\glue 0.0 plus 1.0fil minus 1.0fil
..\write0<3>{\Xlabel{analysis-existing_applications-carhome_ultra}{2.2}}
..\mF F
..\mF i
..\mF g
..\mF u
..\mF r
..\mF e
..\glue 3.66666 plus 1.83331 minus 1.22223
..\mF 2
..\mF .
..\mF 2
..\mF .
..\kern 5.0
..\tenrm S
..\tenrm c
..\tenrm r
..\tenrm e
..\tenrm e
..\tenrm n
..\tenrm s
..\tenrm h
..\tenrm o
..\tenrm t
..\glue 3.33333 plus 1.66666 minus 1.11111
..\tenrm f
..\tenrm r
..\tenrm o
..\tenrm m
..etc.
.\penalty -100
.\glue 6.8 plus 2.26653 minus 2.26653
.\glue(\baselineskip) 2.01318
.\hbox(9.6424+0.28453)x415.41025, glue set 11.3811fil
..\pdfcolorstack 1 push {1 .43 0 0 k 1 .43 0 0 K}
..\rule(8.53581+0.28453)x11.38109
..\pdfcolorstack 1 push {0 0 0 1 k 0 0 0 1 K}
..\glue 0.0 plus 1.0fil minus 1.0fil
..\vbox(9.6424+-0.5424)x392.64806
...\hbox(9.6424+3.9576)x392.64806, glue set 288.38445fil
....\mF 2
....\mF .
....\mF 1
....\mF .
....\mF 3
....\mF .
....\mF 1
....\glue 12.09999
....\pdfcolorstack 1 push {1 .43 0 0 k 1 .43 0 0 K}
....\mF A
....\kern-0.33612
....\mF d
....\mF v
....\mF a
....\mF n
....\mF t
....\mF a
....\mF g
....\mF e
....\mF s
....\rule(9.6424+3.9576)x0.0
....\penalty 10000
....\glue(\parfillskip) 0.0 plus 1.0fil
....\glue(\rightskip) 0.0
...\kern -4.5
..\pdfcolorstack 1 pop
.\pdfcolorstack 1 pop
.\pdfcolorstack 1 pop
.\penalty 10000
.\glue 0.0
.\glue 3.4 plus 1.13326 minus 1.13326
.\kern 2.0
.\glue 6.8 plus 2.26653 minus 2.26653
.\glue 0.0
.\glue(\parskip) 0.0
.\glue(\baselineskip) 5.73785
.\hbox(7.57762+2.13887)x415.41025, glue set 254.17557fil
..\glue(\leftskip) 11.66563
..\hbox(4.56946+0.0)x0.0, glue set - 12.19423fil
...\glue 0.0 plus 1.0fil minus 1.0fil
...\pdfcolorstack 1 push {1 .43 0 0 k 1 .43 0 0 K}
...\thefont .
...\kern -4.0
...\pdfcolorstack 1 push {0 0 0 1 k 0 0 0 1 K}
...\kern 5.5
..\pdfcolorstack 1 pop
..\pdfcolorstack 1 pop
..\tenrm S
..\tenrm i
..\tenrm m
..\tenrm p
..\tenrm l
..\tenrm e
..\glue 3.66666 plus 1.83333 minus 1.22221
..\tenrm U
..\tenrm I
..\tenrm ,
..\glue 3.66666 plus 1.83333 minus 1.22221
..\tenrm e
..\tenrm a
..\tenrm s
..\tenrm y
..\glue 3.66666 plus 1.83333 minus 1.22221
..\tenrm t
..\tenrm o
..\glue 3.66666 plus 1.83333 minus 1.22221
..\tenrm u
..\tenrm n
..\tenrm d
..\tenrm e
..\tenrm r
..\tenrm s
..\tenrm t
..etc.
.\glue(\parskip) 0.0
.\glue(\baselineskip) 3.88351
.\hbox(7.57762+2.13887)x415.41025, glue set 317.42502fil
..\glue(\leftskip) 11.66563
..\hbox(4.56946+0.0)x0.0, glue set - 12.19423fil
...\glue 0.0 plus 1.0fil minus 1.0fil
...\pdfcolorstack 1 push {1 .43 0 0 k 1 .43 0 0 K}
...\thefont .
...\kern -4.0
...\pdfcolorstack 1 push {0 0 0 1 k 0 0 0 1 K}
...\kern 5.5
..\pdfcolorstack 1 pop
..\pdfcolorstack 1 pop
..\tenrm r
..\tenrm e
..\tenrm s
..\tenrm p
..\kern0.30556
..\tenrm o
..\tenrm n
..\tenrm s
..\tenrm i
..\tenrm v
..\kern-0.30557
..\tenrm e
..\tenrm ,
..\glue 3.66666 plus 2.29166 minus 0.97777
..\tenrm ^^M (ligature fl)
..\tenrm u
..\tenrm e
..\tenrm n
..\kern-0.30557
..\tenrm t
..\tenrm ,
..\penalty 10000
..\glue(\parfillskip) 0.0 plus 1.0fil
..\glue(\rightskip) 0.0
.\glue(\parskip) 0.0
.\glue(\baselineskip) 3.21114
.\hbox(8.25+2.75)x415.41025, glue set 208.92249fil
..\glue(\leftskip) 11.66563
..\hbox(4.56946+0.0)x0.0, glue set - 12.19423fil
...\glue 0.0 plus 1.0fil minus 1.0fil
...\pdfcolorstack 1 push {1 .43 0 0 k 1 .43 0 0 K}
...\thefont .
...\kern -4.0
...\pdfcolorstack 1 push {0 0 0 1 k 0 0 0 1 K}
...\kern 5.5
..\pdfcolorstack 1 pop
..\pdfcolorstack 1 pop
..\tenrm p
..\kern0.30556
..\tenrm o
..\tenrm s
..\tenrm s
..\tenrm i
..\tenrm b
..\tenrm l
..\tenrm e
..\glue 3.66666 plus 1.83333 minus 1.22221
..\tenrm t
..\tenrm o
..\glue 3.66666 plus 1.83333 minus 1.22221
..\tenrm c
..\kern-0.30557
..\tenrm h
..\tenrm a
..\tenrm n
..\tenrm g
..\tenrm e
..\glue 3.66666 plus 1.83333 minus 1.22221
..\tenrm u
..\tenrm n
..\tenrm i
..\tenrm t
..\tenrm s
..etc.
.etc.

 [5 <./images/analysis_app_carhomeultra.png (PNG copy)>]
! Missing control sequence inserted.
<inserted text> 
                \inaccessible 
<to be read again> 
                   {
\headchap ->2.\ Analysis TODO\xdef {
                                    analysis}\ignorespaces  \unskip 
\printheadline ...lse \locpgcolor \Grey \headchap 
                                                  \ \tecky \hskip -3.7cm\fi 
\makeheadline ...ne {\vbox to10pt{}\the \headline 
                                                  }\vss }\nointerlineskip 
\ensureblacko ...\colorstackpush \pdfblackcolor #1
                                                  \colorstackpop 
...
l.215 
      
? 

Underfull \vbox (badness 10000) has occurred while \output is active
\vbox(674.33032+2.13887)x415.41025, glue set 7.46346
.\vbox(0.0+0.0)x0.0, glue set 25.0fil
..\kern -25.0
..\pdfdest name{pg:.6} xyz
..\glue 0.0 plus 1.0fil minus 1.0fil
.\glue(\topskip) 0.0
.\hbox(207.7059+0.0)x415.41025, glue set 41.5404fil
..\glue 0.0 plus 1.0fil minus 1.0fil
..\hbox(207.7059+0.0)x332.32945
...\pdfrefximage(207.7059+0.0)x332.32945
..\glue 0.0 plus 1.0fil minus 1.0fil
.\penalty 10000
.\glue 6.8 plus 2.26653 minus 2.26653
.\glue 0.0 plus -1.0
.\glue(\parskip) 0.0 plus 1.0
.\glue(\baselineskip) 5.0555
.\hbox(6.9445+1.94443)x415.41025, glue set 99.77614fil
..\glue(\leftskip) 11.66563 plus 1.0fil
..\vbox(0.0+0.0)x0.0, glue set 13.99994fil
...\kern -13.99994
...\pdfdest name{ref:analysis-existing_applications-car_dashdroid} xyz
...\glue 0.0 plus 1.0fil minus 1.0fil
..\write0<3>{\Xlabel{analysis-existing_applications-car_dashdroid}{2.3}}
..\mF F
..\mF i
..\mF g
..\mF u
..\mF r
..\mF e
..\glue 3.66666 plus 1.83331 minus 1.22223
..\mF 2
..\mF .
..\mF 3
..\mF .
..\kern 5.0
..\tenrm S
..\tenrm c
..\tenrm r
..\tenrm e
..\tenrm e
..\tenrm n
..\tenrm s
..\tenrm h
..\tenrm o
..\tenrm t
..\glue 3.33333 plus 1.66666 minus 1.11111
..\tenrm f
..\tenrm r
..\tenrm o
..\tenrm m
..etc.
.\penalty -100
.\glue 6.8 plus 2.26653 minus 2.26653
.\glue(\baselineskip) 2.01318
.\hbox(9.6424+0.28453)x415.41025, glue set 11.3811fil
..\pdfcolorstack 1 push {1 .43 0 0 k 1 .43 0 0 K}
..\rule(8.53581+0.28453)x11.38109
..\pdfcolorstack 1 push {0 0 0 1 k 0 0 0 1 K}
..\glue 0.0 plus 1.0fil minus 1.0fil
..\vbox(9.6424+-0.5424)x392.64806
...\hbox(9.6424+3.9576)x392.64806, glue set 288.38445fil
....\mF 2
....\mF .
....\mF 1
....\mF .
....\mF 4
....\mF .
....\mF 1
....\glue 12.09999
....\pdfcolorstack 1 push {1 .43 0 0 k 1 .43 0 0 K}
....\mF A
....\kern-0.33612
....\mF d
....\mF v
....\mF a
....\mF n
....\mF t
....\mF a
....\mF g
....\mF e
....\mF s
....\rule(9.6424+3.9576)x0.0
....\penalty 10000
....\glue(\parfillskip) 0.0 plus 1.0fil
....\glue(\rightskip) 0.0
...\kern -4.5
..\pdfcolorstack 1 pop
.\pdfcolorstack 1 pop
.\pdfcolorstack 1 pop
.\penalty 10000
.\glue 0.0
.\glue 3.4 plus 1.13326 minus 1.13326
.\kern 2.0
.\glue 6.8 plus 2.26653 minus 2.26653
.\glue 0.0
.\glue(\parskip) 0.0
.\glue(\baselineskip) 5.73785
.\hbox(7.57762+2.13887)x415.41025, glue set 254.17557fil
..\glue(\leftskip) 11.66563
..\hbox(4.56946+0.0)x0.0, glue set - 12.19423fil
...\glue 0.0 plus 1.0fil minus 1.0fil
...\pdfcolorstack 1 push {1 .43 0 0 k 1 .43 0 0 K}
...\thefont .
...\kern -4.0
...\pdfcolorstack 1 push {0 0 0 1 k 0 0 0 1 K}
...\kern 5.5
..\pdfcolorstack 1 pop
..\pdfcolorstack 1 pop
..\tenrm S
..\tenrm i
..\tenrm m
..\tenrm p
..\tenrm l
..\tenrm e
..\glue 3.66666 plus 1.83333 minus 1.22221
..\tenrm U
..\tenrm I
..\tenrm ,
..\glue 3.66666 plus 1.83333 minus 1.22221
..\tenrm e
..\tenrm a
..\tenrm s
..\tenrm y
..\glue 3.66666 plus 1.83333 minus 1.22221
..\tenrm t
..\tenrm o
..\glue 3.66666 plus 1.83333 minus 1.22221
..\tenrm u
..\tenrm n
..\tenrm d
..\tenrm e
..\tenrm r
..\tenrm s
..\tenrm t
..etc.
.\glue(\parskip) 0.0
.\glue(\baselineskip) 3.88351
.\hbox(7.57762+2.13887)x415.41025, glue set 317.42502fil
..\glue(\leftskip) 11.66563
..\hbox(4.56946+0.0)x0.0, glue set - 12.19423fil
...\glue 0.0 plus 1.0fil minus 1.0fil
...\pdfcolorstack 1 push {1 .43 0 0 k 1 .43 0 0 K}
...\thefont .
...\kern -4.0
...\pdfcolorstack 1 push {0 0 0 1 k 0 0 0 1 K}
...\kern 5.5
..\pdfcolorstack 1 pop
..\pdfcolorstack 1 pop
..\tenrm r
..\tenrm e
..\tenrm s
..\tenrm p
..\kern0.30556
..\tenrm o
..\tenrm n
..\tenrm s
..\tenrm i
..\tenrm v
..\kern-0.30557
..\tenrm e
..\tenrm ,
..\glue 3.66666 plus 2.29166 minus 0.97777
..\tenrm ^^M (ligature fl)
..\tenrm u
..\tenrm e
..\tenrm n
..\kern-0.30557
..\tenrm t
..\tenrm ,
..\penalty 10000
..\glue(\parfillskip) 0.0 plus 1.0fil
..\glue(\rightskip) 0.0
.\glue(\parskip) 0.0
.\glue(\baselineskip) 3.21114
.\hbox(8.25+2.75)x415.41025, glue set 208.92249fil
..\glue(\leftskip) 11.66563
..\hbox(4.56946+0.0)x0.0, glue set - 12.19423fil
...\glue 0.0 plus 1.0fil minus 1.0fil
...\pdfcolorstack 1 push {1 .43 0 0 k 1 .43 0 0 K}
...\thefont .
...\kern -4.0
...\pdfcolorstack 1 push {0 0 0 1 k 0 0 0 1 K}
...\kern 5.5
..\pdfcolorstack 1 pop
..\pdfcolorstack 1 pop
..\tenrm p
..\kern0.30556
..\tenrm o
..\tenrm s
..\tenrm s
..\tenrm i
..\tenrm b
..\tenrm l
..\tenrm e
..\glue 3.66666 plus 1.83333 minus 1.22221
..\tenrm t
..\tenrm o
..\glue 3.66666 plus 1.83333 minus 1.22221
..\tenrm c
..\kern-0.30557
..\tenrm h
..\tenrm a
..\tenrm n
..\tenrm g
..\tenrm e
..\glue 3.66666 plus 1.83333 minus 1.22221
..\tenrm u
..\tenrm n
..\tenrm i
..\tenrm t
..\tenrm s
..etc.
.etc.

 [6 <./images/analysis_app_cardashdroid.png (PNG copy)>]
l.256 OPmac WARNING: duplicated label [analysis-existing_applications], ignored
.
[7 <./images/analysis_app_ultimatecardock.png (PNG copy)>]
! Missing control sequence inserted.
<inserted text> 
                \inaccessible 
<to be read again> 
                   {
\headchap ->2.\ Analysis TODO\xdef {
                                    analysis}\ignorespaces  \unskip 
\printheadline ...lse \locpgcolor \Grey \headchap 
                                                  \ \tecky \hskip -3.7cm\fi 
\makeheadline ...ne {\vbox to10pt{}\the \headline 
                                                  }\vss }\nointerlineskip 
\ensureblacko ...\colorstackpush \pdfblackcolor #1
                                                  \colorstackpop 
...
l.289 ...ne{\inspic images/analysis_aa_audio.png }
                                                  \nobreak\medskip
? 
[8 <./images/analysis_aa_overview.png>]
l.313 OPmac WARNING: duplicated label [analysis-use_cases], ignored.
[9 <./images/analysis_aa_audio.png (PNG copy)> <./images/analysis_aa_message.pn
g>]
Underfull \hbox (badness 1584) in paragraph at lines 314--315
\tenrm (sources: [][]\tentt http:[] /[] / techcrunch[] . com[] / 2014[] / 03[] 
/ 03[] / gartner-195m-tablets-sold-

\hbox(8.25+2.75)x415.41025, glue set 2.51358
.\tenrm (
.\tenrm s
.\tenrm o
.\tenrm u
.\tenrm r
.\tenrm c
.\tenrm e
.\tenrm s
.\tenrm :
.\glue 4.88887 plus 3.66666 minus 0.6111
.\pdfstartlink(9.89993+3.30003)x* attr{/C[1 .8 0] /Border[0 0 .6]} action user{
/Subtype/Link/A <</Type/Action/S/URI/URI(http://techcrunch.com/2014/0\ETC.}
.\pdfcolorstack 1 push {0 0 0 1 k 0 0 0 1 K}
.\tentt h
.\tentt t
.\tentt t
.\tentt p
.\tentt :
.\hbox(0.0+0.0)x0.0
.\penalty 10000
.\glue 0.0 plus 0.57753
.\tentt /
.\hbox(0.0+0.0)x0.0
.\penalty 10000
.\glue 0.0 plus 0.57753
.\tentt /
.\penalty 100
.\glue 0.0 plus 0.57753
.\tentt t
.\tentt e
.\tentt c
.etc.

! Missing control sequence inserted.
<inserted text> 
                \inaccessible 
<to be read again> 
                   {
\headchap ->2.\ Analysis TODO\xdef {
                                    analysis}\ignorespaces  \unskip 
\printheadline ...lse \locpgcolor \Grey \headchap 
                                                  \ \tecky \hskip -3.7cm\fi 
\makeheadline ...ne {\vbox to10pt{}\the \headline 
                                                  }\vss }\nointerlineskip 
\ensureblacko ...\colorstackpush \pdfblackcolor #1
                                                  \colorstackpop 
...
l.344 
      
? 
[10]
l.375 OPmac WARNING: duplicated label [analysis-gui], ignored.
[11]
Underfull \hbox (badness 10000) in paragraph at lines 384--385
 \tentt what-ux-guidelines-should-one-keep-in-mind-when-designing-the-gui-

\hbox(6.85902+2.44446)x415.41025
.\glue(\leftskip) 11.66563
.\tentt w
.\tentt h
.\tentt a
.\tentt t
.\tentt -
.\discretionary
.\tentt u
.\tentt x
.\tentt -
.\discretionary
.\tentt g
.\tentt u
.\tentt i
.\tentt d
.\tentt e
.\tentt l
.\tentt i
.\tentt n
.\tentt e
.\tentt s
.\tentt -
.\discretionary
.\tentt s
.\tentt h
.\tentt o
.\tentt u
.\tentt l
.\tentt d
.\tentt -
.etc.

! Missing control sequence inserted.
<inserted text> 
                \inaccessible 
<to be read again> 
                   {
\headchap ->2.\ Analysis TODO\xdef {
                                    analysis}\ignorespaces  \unskip 
\printheadline ...lse \locpgcolor \Grey \headchap 
                                                  \ \tecky \hskip -3.7cm\fi 
\makeheadline ...ne {\vbox to10pt{}\the \headline 
                                                  }\vss }\nointerlineskip 
\ensureblacko ...\colorstackpush \pdfblackcolor #1
                                                  \colorstackpop 
...
l.414 
      
? 
[12]
l.464 OPmac WARNING: duplicated label [analysis-development_and_support_tools],
 ignored.
[13]
! Missing control sequence inserted.
<inserted text> 
                \inaccessible 
<to be read again> 
                   {
\headchap ->2.\ Analysis TODO\xdef {
                                    analysis}\ignorespaces  \unskip 
\printheadline ...lse \locpgcolor \Grey \headchap 
                                                  \ \tecky \hskip -3.7cm\fi 
\makeheadline ...ne {\vbox to10pt{}\the \headline 
                                                  }\vss }\nointerlineskip 
\ensureblacko ...\colorstackpush \pdfblackcolor #1
                                                  \colorstackpop 
...
l.491 
      
? 
[14] [15]
! Missing control sequence inserted.
<inserted text> 
                \inaccessible 
<to be read again> 
                   a
\headchap ->3.\ Design TODO\xdef a
                                  nalysis-obd-data{design}\ignorespaces  \un...

\printheadline ...lse \locpgcolor \Grey \headchap 
                                                  \ \tecky \hskip -3.7cm\fi 
\makeheadline ...ne {\vbox to10pt{}\the \headline 
                                                  }\vss }\nointerlineskip 
\ensureblacko ...\colorstackpush \pdfblackcolor #1
                                                  \colorstackpop 
...
l.550 F
       or both drafts the following would apply. The swipe action would invo...

? 
[16]
l.587 OPmac WARNING: duplicated label [design-gui], ignored.
[17]
! Missing control sequence inserted.
<inserted text> 
                \inaccessible 
<to be read again> 
                   a
\headchap ->3.\ Design TODO\xdef a
                                  nalysis-obd-data{design}\ignorespaces  \un...

\printheadline ...lse \locpgcolor \Grey \headchap 
                                                  \ \tecky \hskip -3.7cm\fi 
\makeheadline ...ne {\vbox to10pt{}\the \headline 
                                                  }\vss }\nointerlineskip 
\ensureblacko ...\colorstackpush \pdfblackcolor #1
                                                  \colorstackpop 
...
l.630 
      
? 
[18]
l.630 OPmac WARNING: duplicated label [design-gui], ignored.
[19] [20]
Overfull \hbox (46.70491pt too wide) in paragraph at lines 725--726
 [][][][][]\tentt https:[] /[] / docs[] . google[] . com[] / document[] / d[] /
 1LAPqmYqe5LBE6vqWpi-rRYjHY1-zVPCzkFP2Gvh5i-|

\hbox(7.63895+2.44446)x415.41025
.\glue(\leftskip) 11.66563
.\hbox(4.56946+0.0)x0.0, glue set - 12.19423fil
..\glue 0.0 plus 1.0fil minus 1.0fil
..\pdfcolorstack 1 push {1 .43 0 0 k 1 .43 0 0 K}
..\thefont .
..\kern -4.0
..\pdfcolorstack 1 push {0 0 0 1 k 0 0 0 1 K}
..\kern 5.5
.\pdfcolorstack 1 pop
.\pdfcolorstack 1 pop
.\pdfstartlink(9.89993+3.30003)x* attr{/C[1 .8 0] /Border[0 0 .6]} action user{
/Subtype/Link/A <</Type/Action/S/URI/URI(https://docs.google.com/docu\ETC.}
.\pdfcolorstack 1 push {0 0 0 1 k 0 0 0 1 K}
.\tentt h
.\tentt t
.\tentt t
.\tentt p
.\tentt s
.\tentt :
.\hbox(0.0+0.0)x0.0
.\penalty 10000
.\glue 0.0 plus 0.57753
.\tentt /
.\hbox(0.0+0.0)x0.0
.\penalty 10000
.\glue 0.0 plus 0.57753
.\tentt /
.\penalty 100
.\glue 0.0 plus 0.57753
.\tentt d
.\tentt o
.\tentt c
.\tentt s
.\hbox(0.0+0.0)x0.0
.\penalty 10000
.\glue 0.0 plus 0.57753
.\tentt .
.etc.

[21]
! Missing control sequence inserted.
<inserted text> 
                \inaccessible 
<to be read again> 
                   r
\headchap ->5.\ Testing TODO\xdef r
                                   ealization-gui-multiple_designs{testing}\...

\printheadline ...lse \locpgcolor \Grey \headchap 
                                                  \ \tecky \hskip -3.7cm\fi 
\makeheadline ...ne {\vbox to10pt{}\the \headline 
                                                  }\vss }\nointerlineskip 
\ensureblacko ...\colorstackpush \pdfblackcolor #1
                                                  \colorstackpop 
...
l.764 
      
? 
[22] [23] ){/usr/local/texlive/2015/texmf-dist/fonts/enc/dvips/lm/lm-cs.enc}{/u
sr/local/texlive/2015/texmf-dist/fonts/enc/dvips/lm/lm-cstt.enc}</usr/local/tex
live/2015/texmf-dist/fonts/type1/public/lm/lmr10.pfb></usr/local/texlive/2015/t
exmf-dist/fonts/type1/public/lm/lmri10.pfb></usr/local/texlive/2015/texmf-dist/
fonts/type1/public/lm/lmss10.pfb></usr/local/texlive/2015/texmf-dist/fonts/type
1/public/lm/lmssbx10.pfb></usr/local/texlive/2015/texmf-dist/fonts/type1/public
/lm/lmsso10.pfb></usr/local/texlive/2015/texmf-dist/fonts/type1/public/lm/lmtt1
0.pfb>
Output written on MP_Blaha_Michael_2016.pdf (29 pages, 2278335 bytes).
PDF statistics:
 843 PDF objects out of 1000 (max. 8388607)
 788 compressed objects within 8 object streams
 196 named destinations out of 1000 (max. 500000)
 737 words of extra memory for PDF output out of 10000 (max. 10000000)

